{
  "stats": {
    "suites": 0,
    "tests": 2,
    "passes": 1,
    "pending": 0,
    "failures": 1,
    "start": "2023-06-18T14:08:33.168Z",
    "end": "2023-06-18T14:08:51.639Z",
    "duration": 18471,
    "testsRegistered": 2,
    "passPercent": 50,
    "pendingPercent": 0,
    "other": 0,
    "hasOther": false,
    "skipped": 0,
    "hasSkipped": false
  },
  "results": [
    {
      "uuid": "96997cb6-c113-4f4e-8530-b19521112ddb",
      "title": "",
      "fullFile": "cypress\\e2e\\Exercises\\FirstTests.cy.js",
      "file": "cypress\\e2e\\Exercises\\FirstTests.cy.js",
      "beforeHooks": [],
      "afterHooks": [],
      "tests": [
        {
          "title": "drugi test",
          "fullTitle": "drugi test",
          "timedOut": null,
          "duration": 3914,
          "state": "passed",
          "speed": "fast",
          "pass": true,
          "fail": false,
          "pending": false,
          "context": null,
          "code": "cy.visit('https://www.wp.pl');\ncy.url().should('contain', 'wp');",
          "err": {},
          "uuid": "c23e2492-93a1-4032-ae5d-a0f457f8b8cf",
          "parentUUID": "96997cb6-c113-4f4e-8530-b19521112ddb",
          "isHook": false,
          "skipped": false
        },
        {
          "title": "tres test",
          "fullTitle": "tres test",
          "timedOut": null,
          "duration": 9065,
          "state": "failed",
          "speed": null,
          "pass": false,
          "fail": true,
          "pending": false,
          "context": null,
          "code": "cy.visit('https://www.cypress.io/');\ncy.url().should('contain', 'cypress');\ncy.url().should('equal', 'cypress');",
          "err": {
            "message": "AssertionError: Timed out retrying after 4000ms: expected 'https://www.cypress.io/' to equal 'cypress'",
            "estack": "AssertionError: Timed out retrying after 4000ms: expected 'https://www.cypress.io/' to equal 'cypress'\n    at Context.eval (webpack:///./cypress/e2e/Exercises/FirstTests.cy.js:9:13)",
            "diff": "- 'https://www.cypress.io/'\n+ 'cypress'\n"
          },
          "uuid": "1b063a55-1ec6-4825-a9fe-86acddb81715",
          "parentUUID": "96997cb6-c113-4f4e-8530-b19521112ddb",
          "isHook": false,
          "skipped": false
        }
      ],
      "suites": [],
      "passes": [
        "c23e2492-93a1-4032-ae5d-a0f457f8b8cf"
      ],
      "failures": [
        "1b063a55-1ec6-4825-a9fe-86acddb81715"
      ],
      "pending": [],
      "skipped": [],
      "duration": 12979,
      "root": true,
      "rootEmpty": false,
      "_timeout": 2000
    }
  ],
  "meta": {
    "mocha": {
      "version": "7.0.1"
    },
    "mochawesome": {
      "options": {
        "quiet": false,
        "reportFilename": "[name]-report",
        "saveHtml": true,
        "saveJson": true,
        "consoleReporter": "spec",
        "useInlineDiffs": false,
        "code": true
      },
      "version": "7.1.3"
    },
    "marge": {
      "options": {
        "reportFilename": "[name]-report",
        "overwrite": true,
        "html": true,
        "json": true
      },
      "version": "6.2.0"
    }
  }
}