{
  "stats": {
    "suites": 1,
    "tests": 2,
    "passes": 0,
    "pending": 0,
    "failures": 2,
    "start": "2023-06-18T14:09:53.264Z",
    "end": "2023-06-18T14:10:05.729Z",
    "duration": 12465,
    "testsRegistered": 2,
    "passPercent": 0,
    "pendingPercent": 0,
    "other": 0,
    "hasOther": false,
    "skipped": 0,
    "hasSkipped": false
  },
  "results": [
    {
      "uuid": "881be8c3-89ff-4e88-b934-7f345eef924c",
      "title": "",
      "fullFile": "cypress\\e2e\\MyTests\\Initial tests - Gmail.cy.js",
      "file": "cypress\\e2e\\MyTests\\Initial tests - Gmail.cy.js",
      "beforeHooks": [],
      "afterHooks": [],
      "tests": [],
      "suites": [
        {
          "uuid": "33d22949-e936-467d-8216-f3ef3df37b86",
          "title": "Allowing people to register",
          "fullFile": "",
          "file": "",
          "beforeHooks": [],
          "afterHooks": [],
          "tests": [
            {
              "title": "Create account",
              "fullTitle": "Allowing people to register Create account",
              "timedOut": null,
              "duration": 6323,
              "state": "failed",
              "speed": null,
              "pass": false,
              "fail": true,
              "pending": false,
              "context": null,
              "code": "cy.get('[jsname=\"WjL7X\"] > .VfPpkd-dgl2Hf-ppHlrf-sM5MNb > .VfPpkd-LgbsSe > .VfPpkd-vQzf8d').click();",
              "err": {
                "message": "AssertionError: Timed out retrying after 4000ms: Expected to find element: `[jsname=\"WjL7X\"] > .VfPpkd-dgl2Hf-ppHlrf-sM5MNb > .VfPpkd-LgbsSe > .VfPpkd-vQzf8d`, but never found it.",
                "estack": "AssertionError: Timed out retrying after 4000ms: Expected to find element: `[jsname=\"WjL7X\"] > .VfPpkd-dgl2Hf-ppHlrf-sM5MNb > .VfPpkd-LgbsSe > .VfPpkd-vQzf8d`, but never found it.\n    at Context.eval (webpack:///./cypress/e2e/MyTests/Initial tests - Gmail.cy.js:10:7)",
                "diff": null
              },
              "uuid": "d9383d5d-e0e3-44a3-898a-171dd435539c",
              "parentUUID": "33d22949-e936-467d-8216-f3ef3df37b86",
              "isHook": false,
              "skipped": false
            },
            {
              "title": "Choose for whom",
              "fullTitle": "Allowing people to register Choose for whom",
              "timedOut": null,
              "duration": 5986,
              "state": "failed",
              "speed": null,
              "pass": false,
              "fail": true,
              "pending": false,
              "context": null,
              "code": "cy.get('[jsname=\"WjL7X\"] > .VfPpkd-dgl2Hf-ppHlrf-sM5MNb > .VfPpkd-LgbsSe > .VfPpkd-vQzf8d').click();\ncy.wait(3000).get('[jsname=\"RZzeR\"] > .VfPpkd-StrnGf-rymPhb-b9t22c').click();",
              "err": {
                "message": "AssertionError: Timed out retrying after 4000ms: Expected to find element: `[jsname=\"WjL7X\"] > .VfPpkd-dgl2Hf-ppHlrf-sM5MNb > .VfPpkd-LgbsSe > .VfPpkd-vQzf8d`, but never found it.",
                "estack": "AssertionError: Timed out retrying after 4000ms: Expected to find element: `[jsname=\"WjL7X\"] > .VfPpkd-dgl2Hf-ppHlrf-sM5MNb > .VfPpkd-LgbsSe > .VfPpkd-vQzf8d`, but never found it.\n    at Context.eval (webpack:///./cypress/e2e/MyTests/Initial tests - Gmail.cy.js:14:7)",
                "diff": null
              },
              "uuid": "7eda79bb-fac8-4c59-a725-84fca8713fb9",
              "parentUUID": "33d22949-e936-467d-8216-f3ef3df37b86",
              "isHook": false,
              "skipped": false
            }
          ],
          "suites": [],
          "passes": [],
          "failures": [
            "d9383d5d-e0e3-44a3-898a-171dd435539c",
            "7eda79bb-fac8-4c59-a725-84fca8713fb9"
          ],
          "pending": [],
          "skipped": [],
          "duration": 12309,
          "root": false,
          "rootEmpty": false,
          "_timeout": 2000
        }
      ],
      "passes": [],
      "failures": [],
      "pending": [],
      "skipped": [],
      "duration": 0,
      "root": true,
      "rootEmpty": true,
      "_timeout": 2000
    }
  ],
  "meta": {
    "mocha": {
      "version": "7.0.1"
    },
    "mochawesome": {
      "options": {
        "quiet": false,
        "reportFilename": "[name]-report",
        "saveHtml": true,
        "saveJson": true,
        "consoleReporter": "spec",
        "useInlineDiffs": false,
        "code": true
      },
      "version": "7.1.3"
    },
    "marge": {
      "options": {
        "reportFilename": "[name]-report",
        "overwrite": true,
        "html": true,
        "json": true
      },
      "version": "6.2.0"
    }
  }
}