{
  "stats": {
    "suites": 1,
    "tests": 3,
    "passes": 2,
    "pending": 0,
    "failures": 1,
    "start": "2023-06-18T14:08:58.068Z",
    "end": "2023-06-18T14:09:15.487Z",
    "duration": 17419,
    "testsRegistered": 3,
    "passPercent": 66.66666666666666,
    "pendingPercent": 0,
    "other": 0,
    "hasOther": false,
    "skipped": 0,
    "hasSkipped": false
  },
  "results": [
    {
      "uuid": "f6c2355b-42e0-412a-b62f-f6e51cbdbfdb",
      "title": "",
      "fullFile": "cypress\\e2e\\Exercises\\Tests on PB website.cy.js",
      "file": "cypress\\e2e\\Exercises\\Tests on PB website.cy.js",
      "beforeHooks": [],
      "afterHooks": [],
      "tests": [],
      "suites": [
        {
          "uuid": "16bced88-118a-4b56-983c-49d1e7766221",
          "title": "Tests of search PB website",
          "fullFile": "",
          "file": "",
          "beforeHooks": [],
          "afterHooks": [],
          "tests": [
            {
              "title": "search politchnika",
              "fullTitle": "Tests of search PB website search politchnika",
              "timedOut": null,
              "duration": 3155,
              "state": "failed",
              "speed": null,
              "pass": false,
              "fail": true,
              "pending": false,
              "context": null,
              "code": "cy.get(\"#APjFqb\").as(\"search\");\ncy.closePopUpB();\ngoogle.typeInSearchInput(this.frazy[2].fraza);\ncy.get(\".aajZCb > .lJ9FBc > center > .gNO89b\").click().wait(2000);\ncy.url().should(\"contain\", this.frazy[2].query);",
              "err": {
                "message": "TypeError: cy.closePopUpB is not a function",
                "estack": "TypeError: cy.closePopUpB is not a function\n    at Context.eval (webpack:///./cypress/e2e/Exercises/Tests on PB website.cy.js:37:7)",
                "diff": null
              },
              "uuid": "319077a9-d330-423b-8553-7dd9d02ef0ef",
              "parentUUID": "16bced88-118a-4b56-983c-49d1e7766221",
              "isHook": false,
              "skipped": false
            },
            {
              "title": "search politchnika2",
              "fullTitle": "Tests of search PB website search politchnika2",
              "timedOut": null,
              "duration": 7380,
              "state": "passed",
              "speed": "medium",
              "pass": true,
              "fail": false,
              "pending": false,
              "context": null,
              "code": "cy.closeCookiePopUp();\ngoogle.typeInSearchInput(_search.default[2].fraza);\ncy.get(\".aajZCb > .lJ9FBc > center > .gNO89b\").click().wait(1000);\ncy.url().should(\"contain\", _search.default[2].query);",
              "err": {},
              "uuid": "c72f9110-1b32-4f0f-afaa-abdac6c2de32",
              "parentUUID": "16bced88-118a-4b56-983c-49d1e7766221",
              "isHook": false,
              "skipped": false
            },
            {
              "title": "search politchnika3",
              "fullTitle": "Tests of search PB website search politchnika3",
              "timedOut": null,
              "duration": 6673,
              "state": "passed",
              "speed": "medium",
              "pass": true,
              "fail": false,
              "pending": false,
              "context": null,
              "code": "cy.get(\"#L2AGLb > .QS5gu\").click().should(\"not.be.visible\");\ncy.get(\"@frazy\").then(frazy => {\n  cy.get(\"@search\").clear().type(frazy[2].fraza);\n});\ncy.get(\".aajZCb > .lJ9FBc > center > .gNO89b\").click().wait(1000);\ncy.get(\"@frazy\").then(frazy => {\n  cy.url().should(\"contain\", frazy[2].query);\n});",
              "err": {},
              "uuid": "fa3c85a1-e452-4b1b-83cd-3d1cc8d47bb2",
              "parentUUID": "16bced88-118a-4b56-983c-49d1e7766221",
              "isHook": false,
              "skipped": false
            }
          ],
          "suites": [],
          "passes": [
            "c72f9110-1b32-4f0f-afaa-abdac6c2de32",
            "fa3c85a1-e452-4b1b-83cd-3d1cc8d47bb2"
          ],
          "failures": [
            "319077a9-d330-423b-8553-7dd9d02ef0ef"
          ],
          "pending": [],
          "skipped": [],
          "duration": 17208,
          "root": false,
          "rootEmpty": false,
          "_timeout": 2000
        }
      ],
      "passes": [],
      "failures": [],
      "pending": [],
      "skipped": [],
      "duration": 0,
      "root": true,
      "rootEmpty": true,
      "_timeout": 2000
    }
  ],
  "meta": {
    "mocha": {
      "version": "7.0.1"
    },
    "mochawesome": {
      "options": {
        "quiet": false,
        "reportFilename": "[name]-report",
        "saveHtml": true,
        "saveJson": true,
        "consoleReporter": "spec",
        "useInlineDiffs": false,
        "code": true
      },
      "version": "7.1.3"
    },
    "marge": {
      "options": {
        "reportFilename": "[name]-report",
        "overwrite": true,
        "html": true,
        "json": true
      },
      "version": "6.2.0"
    }
  }
}