{
  "stats": {
    "suites": 3,
    "tests": 12,
    "passes": 12,
    "pending": 0,
    "failures": 0,
    "start": "2023-06-18T14:10:10.625Z",
    "end": "2023-06-18T14:11:45.328Z",
    "duration": 94703,
    "testsRegistered": 12,
    "passPercent": 100,
    "pendingPercent": 0,
    "other": 0,
    "hasOther": false,
    "skipped": 0,
    "hasSkipped": false
  },
  "results": [
    {
      "uuid": "b369af86-5de3-460a-b4ef-ed37f2cb9698",
      "title": "",
      "fullFile": "cypress\\e2e\\MyTests\\Tests on UwB website.cy.js",
      "file": "cypress\\e2e\\MyTests\\Tests on UwB website.cy.js",
      "beforeHooks": [],
      "afterHooks": [],
      "tests": [],
      "suites": [
        {
          "uuid": "5e184ad6-f3ed-4294-b1fd-7f676fc55265",
          "title": "Initial tests on the UwB website - footer",
          "fullFile": "",
          "file": "",
          "beforeHooks": [],
          "afterHooks": [],
          "tests": [
            {
              "title": "Click tab media about us in May",
              "fullTitle": "Initial tests on the UwB website - footer Click tab media about us in May",
              "timedOut": null,
              "duration": 12489,
              "state": "passed",
              "speed": "slow",
              "pass": true,
              "fail": false,
              "pending": false,
              "context": null,
              "code": "cy.get(\":nth-child(3) > .block-content > ul > :nth-child(3) > a\").click();\ncy.get(\":nth-child(1) > .dropdown-nav > :nth-child(2) > a\").click();\ncy.get(\".page-description > :nth-child(7) > a\").click();\ncy.origin(\"https://www.bialystokonline.pl/ciekawie-po-prawie-czyli-dzien-otwarty-na-wydziale-prawa-uwb,artykul,136386,6,1.html\", () => {\n  cy.url().should(\"contain\", \"bialystokonline\");\n});",
              "err": {},
              "uuid": "57cb577d-8a85-48ac-b245-bc11a4af1525",
              "parentUUID": "5e184ad6-f3ed-4294-b1fd-7f676fc55265",
              "isHook": false,
              "skipped": false
            },
            {
              "title": "Click tab university structure and choose - Katarzyna Łempicka",
              "fullTitle": "Initial tests on the UwB website - footer Click tab university structure and choose - Katarzyna Łempicka",
              "timedOut": null,
              "duration": 7026,
              "state": "passed",
              "speed": "medium",
              "pass": true,
              "fail": false,
              "pending": false,
              "context": null,
              "code": "cy.get(\":nth-child(3) > .block-content > ul > :nth-child(5) > a\").click();\ncy.get('[href=\"/struktura-uczelni/index,administracja-centralna-dzial-nauki.html\"]').click();\ncy.get(\"#employees > :nth-child(7) > :nth-child(1) > a\").click();\ncy.url().should(\"contain\", \"Katarzyna\");",
              "err": {},
              "uuid": "62d366bf-6735-46d7-8e10-c79ffc2aa239",
              "parentUUID": "5e184ad6-f3ed-4294-b1fd-7f676fc55265",
              "isHook": false,
              "skipped": false
            },
            {
              "title": "Click tab computer apps and return",
              "fullTitle": "Initial tests on the UwB website - footer Click tab computer apps and return",
              "timedOut": null,
              "duration": 11765,
              "state": "passed",
              "speed": "slow",
              "pass": true,
              "fail": false,
              "pending": false,
              "context": null,
              "code": "cy.get('[href=\"https://dak.uwb.edu.pl/\"]').click();\ncy.get(\":nth-child(7) > h2\").click();\ncy.get(\".col-lg-9 > .btn\").click();\ncy.url().should(\"contain\", \"aktualnosci\");",
              "err": {},
              "uuid": "be9f8f4e-55bf-47c9-8e77-5f0cd5bbc29e",
              "parentUUID": "5e184ad6-f3ed-4294-b1fd-7f676fc55265",
              "isHook": false,
              "skipped": false
            },
            {
              "title": "Click tab website map and choose- Kadencje Władz Rektorskich",
              "fullTitle": "Initial tests on the UwB website - footer Click tab website map and choose- Kadencje Władz Rektorskich",
              "timedOut": null,
              "duration": 4592,
              "state": "passed",
              "speed": "fast",
              "pass": true,
              "fail": false,
              "pending": false,
              "context": null,
              "code": "cy.get(\":nth-child(3) > .block-content > ul > :nth-child(4) > a\").click();\ncy.get(\":nth-child(1) > :nth-child(2) > :nth-child(1) > :nth-child(2) > :nth-child(3) > a > span\").click();\ncy.url().should(\"contain\", \"kadencje\");",
              "err": {},
              "uuid": "1e13b0da-06b8-46e1-bafa-35be6e3ae422",
              "parentUUID": "5e184ad6-f3ed-4294-b1fd-7f676fc55265",
              "isHook": false,
              "skipped": false
            }
          ],
          "suites": [],
          "passes": [
            "57cb577d-8a85-48ac-b245-bc11a4af1525",
            "62d366bf-6735-46d7-8e10-c79ffc2aa239",
            "be9f8f4e-55bf-47c9-8e77-5f0cd5bbc29e",
            "1e13b0da-06b8-46e1-bafa-35be6e3ae422"
          ],
          "failures": [],
          "pending": [],
          "skipped": [],
          "duration": 35872,
          "root": false,
          "rootEmpty": false,
          "_timeout": 2000
        },
        {
          "uuid": "b0b419a2-e838-4da2-8bfb-64c9a62472ce",
          "title": "Initial tests about the most important tabs on UwB website",
          "fullFile": "",
          "file": "",
          "beforeHooks": [],
          "afterHooks": [],
          "tests": [
            {
              "title": "Test about tab UwB - about us",
              "fullTitle": "Initial tests about the most important tabs on UwB website Test about tab UwB - about us",
              "timedOut": null,
              "duration": 7098,
              "state": "passed",
              "speed": "medium",
              "pass": true,
              "fail": false,
              "pending": false,
              "context": null,
              "code": "cy.get(\"#drop1\").click();\ncy.get(\"#dropped-drop1 > :nth-child(1) > .dropped-menu-column-box > :nth-child(1) > a > .title\").click();\ncy.get(\".dropdown-nav > .last > a\").click();\ncy.get(\".dropdown-nav > :nth-child(11) > a\").click();\ncy.url().should(\"contain\", \"jerzy\");\ncy.get(\".lightbox > img\").click();\ncy.get(\".lightbox > img\").should(\"be.visible\");",
              "err": {},
              "uuid": "69a02bbf-9620-4a6c-9f44-55502880cd15",
              "parentUUID": "b0b419a2-e838-4da2-8bfb-64c9a62472ce",
              "isHook": false,
              "skipped": false
            },
            {
              "title": "Test about tab candidate - foreigners",
              "fullTitle": "Initial tests about the most important tabs on UwB website Test about tab candidate - foreigners",
              "timedOut": null,
              "duration": 9322,
              "state": "passed",
              "speed": "medium",
              "pass": true,
              "fail": false,
              "pending": false,
              "context": null,
              "code": "cy.get(\".main-menu > :nth-child(3) > a > span\").click();\ncy.get(\".side-menu > :nth-child(7) > a\").click();\ncy.get(\".dropdown-nav > .last > a\").click();\ncy.get(\".last > .dropdown-nav > .first > a\").click();\ncy.url().should(\"contain\", \"oplaty\");",
              "err": {},
              "uuid": "a1595d21-fec9-4f07-8e5b-55f9392f2ff4",
              "parentUUID": "b0b419a2-e838-4da2-8bfb-64c9a62472ce",
              "isHook": false,
              "skipped": false
            },
            {
              "title": "Test about tab student - Erasmus +",
              "fullTitle": "Initial tests about the most important tabs on UwB website Test about tab student - Erasmus +",
              "timedOut": null,
              "duration": 10188,
              "state": "passed",
              "speed": "slow",
              "pass": true,
              "fail": false,
              "pending": false,
              "context": null,
              "code": "cy.get(\".main-menu > :nth-child(5) > a > span\").click();\ncy.get(\".side-menu > :nth-child(13) > a\").click();\ncy.url().should(\"contain\", \"erasmus\");\ncy.get(\".dropdown-nav > .first > a\").click();\ncy.get(\".page_content > :nth-child(13) > a\").click();\ncy.url().should(\"contain\", \"wspolpraca\");",
              "err": {},
              "uuid": "a39db965-01a7-4c72-8fdc-ba97516896e4",
              "parentUUID": "b0b419a2-e838-4da2-8bfb-64c9a62472ce",
              "isHook": false,
              "skipped": false
            },
            {
              "title": "Test about tab employee - public precurement",
              "fullTitle": "Initial tests about the most important tabs on UwB website Test about tab employee - public precurement",
              "timedOut": null,
              "duration": 6000,
              "state": "passed",
              "speed": "medium",
              "pass": true,
              "fail": false,
              "pending": false,
              "context": null,
              "code": "cy.get(\".main-menu > :nth-child(7) > a > span\").click();\ncy.get(\".side-menu > :nth-child(12) > a\").click();\ncy.get(\".dropdown-nav > :nth-child(5) > a\").click();\ncy.url().should(\"contain\", \"akty\");",
              "err": {},
              "uuid": "6af79d48-00d6-4e5b-a200-f8db93ac1f15",
              "parentUUID": "b0b419a2-e838-4da2-8bfb-64c9a62472ce",
              "isHook": false,
              "skipped": false
            }
          ],
          "suites": [],
          "passes": [
            "69a02bbf-9620-4a6c-9f44-55502880cd15",
            "a1595d21-fec9-4f07-8e5b-55f9392f2ff4",
            "a39db965-01a7-4c72-8fdc-ba97516896e4",
            "6af79d48-00d6-4e5b-a200-f8db93ac1f15"
          ],
          "failures": [],
          "pending": [],
          "skipped": [],
          "duration": 32608,
          "root": false,
          "rootEmpty": false,
          "_timeout": 2000
        },
        {
          "uuid": "155554f1-bdbf-40d9-bc4b-2869fd581a42",
          "title": "Tests about searching",
          "fullFile": "",
          "file": "",
          "beforeHooks": [],
          "afterHooks": [],
          "tests": [
            {
              "title": "Click on advanced search",
              "fullTitle": "Tests about searching Click on advanced search",
              "timedOut": null,
              "duration": 4316,
              "state": "passed",
              "speed": "fast",
              "pass": true,
              "fail": false,
              "pending": false,
              "context": null,
              "code": "cy.get(\".name > .d-none\").click();\ncy.get(\"@searchEngine\").click();\ncy.url().should(\"contain\", \"wyszukiwarka\");",
              "err": {},
              "uuid": "a5d7ed43-ca13-49a9-8b65-a672e9d93c0a",
              "parentUUID": "155554f1-bdbf-40d9-bc4b-2869fd581a42",
              "isHook": false,
              "skipped": false
            },
            {
              "title": "Search about us with enter",
              "fullTitle": "Tests about searching Search about us with enter",
              "timedOut": null,
              "duration": 6005,
              "state": "passed",
              "speed": "medium",
              "pass": true,
              "fail": false,
              "pending": false,
              "context": null,
              "code": "cy.get(\".name > .d-none\").click();\ncy.get(\"@searchEngine\").click();\ncy.get(\"#query\").clear().type(_uwb_search.default.query).type(\"{enter}\");\ncy.url().should(\"contain\", _uwb_search.default.query);",
              "err": {},
              "uuid": "0033f7d8-7546-4189-90ed-d66f98a1fab2",
              "parentUUID": "155554f1-bdbf-40d9-bc4b-2869fd581a42",
              "isHook": false,
              "skipped": false
            },
            {
              "title": "Search about us with click on icon",
              "fullTitle": "Tests about searching Search about us with click on icon",
              "timedOut": null,
              "duration": 5493,
              "state": "passed",
              "speed": "medium",
              "pass": true,
              "fail": false,
              "pending": false,
              "context": null,
              "code": "cy.get(\".name > .d-none\").click();\ncy.get(\"@searchEngine\").click();\ncy.get(\"#query\").clear().type(_uwb_search.default.query2);\ncy.get(\".tab-pane > .input-group > .input-group-append > .btn-primary\").click();\ncy.url().should(\"contain\", _uwb_search.default.query2);",
              "err": {},
              "uuid": "9ddfc849-9b97-44e1-9753-b1c9de80d2b1",
              "parentUUID": "155554f1-bdbf-40d9-bc4b-2869fd581a42",
              "isHook": false,
              "skipped": false
            },
            {
              "title": "Test about reset",
              "fullTitle": "Tests about searching Test about reset",
              "timedOut": null,
              "duration": 7243,
              "state": "passed",
              "speed": "medium",
              "pass": true,
              "fail": false,
              "pending": false,
              "context": null,
              "code": "cy.get(\".name > .d-none\").click();\ncy.get(\"@searchEngine\").click();\ncy.get(\"#query\").clear().type(\"nas\");\ncy.get(\".tab-pane > .input-group > .input-group-append > .btn-primary\").click().wait(1000);\ncy.get(\".btn-secondary\").click();",
              "err": {},
              "uuid": "c13a173d-d64a-4bc8-971c-0a87c00757c7",
              "parentUUID": "155554f1-bdbf-40d9-bc4b-2869fd581a42",
              "isHook": false,
              "skipped": false
            }
          ],
          "suites": [],
          "passes": [
            "a5d7ed43-ca13-49a9-8b65-a672e9d93c0a",
            "0033f7d8-7546-4189-90ed-d66f98a1fab2",
            "9ddfc849-9b97-44e1-9753-b1c9de80d2b1",
            "c13a173d-d64a-4bc8-971c-0a87c00757c7"
          ],
          "failures": [],
          "pending": [],
          "skipped": [],
          "duration": 23057,
          "root": false,
          "rootEmpty": false,
          "_timeout": 2000
        }
      ],
      "passes": [],
      "failures": [],
      "pending": [],
      "skipped": [],
      "duration": 0,
      "root": true,
      "rootEmpty": true,
      "_timeout": 2000
    }
  ],
  "meta": {
    "mocha": {
      "version": "7.0.1"
    },
    "mochawesome": {
      "options": {
        "quiet": false,
        "reportFilename": "[name]-report",
        "saveHtml": true,
        "saveJson": true,
        "consoleReporter": "spec",
        "useInlineDiffs": false,
        "code": true
      },
      "version": "7.1.3"
    },
    "marge": {
      "options": {
        "reportFilename": "[name]-report",
        "overwrite": true,
        "html": true,
        "json": true
      },
      "version": "6.2.0"
    }
  }
}